SF:lib\domain\usecases\pencarian_film.dart
DA:8,1
DA:10,1
DA:11,2
LF:3
LH:3
end_of_record
SF:lib\domain\usecases\pencarian_serialtv.dart
DA:8,1
DA:10,1
DA:11,2
LF:3
LH:3
end_of_record
SF:lib\presentation\bloc\pencarian_film\pencarian_film_state.dart
DA:4,1
DA:6,1
DA:7,1
DA:16,1
DA:18,1
DA:19,2
DA:25,1
DA:27,1
DA:28,2
LF:9
LH:9
end_of_record
SF:lib\presentation\bloc\pencarian_film\pencarian_film_event.dart
DA:4,1
DA:6,0
DA:7,0
DA:12,1
DA:14,0
DA:15,0
LF:6
LH:2
end_of_record
SF:lib\presentation\bloc\pencarian_film\pencarian_film_bloc.dart
DA:13,3
DA:14,2
DA:15,2
DA:16,3
DA:18,1
DA:19,4
DA:20,3
DA:23,1
DA:28,1
DA:29,3
LF:10
LH:10
end_of_record
SF:lib\presentation\bloc\pencarian_serialtv\pencarian_serialtv_state.dart
DA:4,1
DA:6,1
DA:7,1
DA:16,1
DA:18,1
DA:19,2
DA:25,1
DA:27,1
DA:28,2
LF:9
LH:9
end_of_record
SF:lib\presentation\bloc\pencarian_serialtv\pencarian_serialtv_bloc.dart
DA:13,3
DA:14,2
DA:15,2
DA:16,3
DA:18,1
DA:19,4
DA:20,3
DA:23,1
DA:28,1
DA:29,3
LF:10
LH:10
end_of_record
SF:lib\presentation\bloc\pencarian_serialtv\pencarian_serialtv_event.dart
DA:4,1
DA:6,0
DA:7,0
DA:12,1
DA:14,0
DA:15,0
LF:6
LH:2
end_of_record
SF:lib\presentation\pages\pencarian_page.dart
DA:14,0
DA:16,0
DA:18,0
DA:20,0
DA:21,0
DA:22,0
DA:24,0
DA:26,0
DA:28,0
DA:29,0
DA:30,0
DA:31,0
DA:32,0
DA:34,0
DA:37,0
DA:38,0
DA:41,0
DA:47,0
DA:48,0
DA:49,0
DA:51,0
DA:52,0
DA:54,0
DA:58,0
DA:59,0
DA:61,0
DA:62,0
DA:64,0
DA:70,0
DA:80,0
DA:82,0
DA:84,0
DA:85,0
DA:87,0
DA:88,0
DA:89,0
DA:90,0
DA:92,0
DA:94,0
DA:95,0
DA:96,0
DA:98,0
DA:102,0
DA:103,0
DA:104,0
DA:106,0
DA:107,0
DA:111,0
DA:112,0
DA:113,0
DA:114,0
DA:119,0
DA:120,0
DA:122,0
DA:132,0
DA:134,0
DA:136,0
DA:137,0
DA:140,0
DA:141,0
DA:142,0
DA:143,0
DA:144,0
DA:146,0
DA:148,0
DA:149,0
DA:150,0
DA:152,0
DA:156,0
DA:157,0
DA:159,0
DA:160,0
DA:164,0
DA:165,0
DA:166,0
DA:168,0
DA:172,0
DA:173,0
DA:175,0
LF:79
LH:0
end_of_record
