SF:lib\domain\usecases\pencarian_film.dart
DA:9,1
DA:11,1
DA:12,2
LF:3
LH:3
end_of_record
SF:lib\domain\usecases\pencarian_serialtv.dart
DA:8,1
DA:10,1
DA:11,2
LF:3
LH:3
end_of_record
SF:lib\presentation\bloc\pencarian_film\pencarian_film_state.dart
DA:4,1
DA:6,1
DA:7,1
DA:16,1
DA:18,1
DA:19,2
DA:25,1
DA:27,1
DA:28,2
LF:9
LH:9
end_of_record
SF:lib\presentation\bloc\pencarian_film\pencarian_film_event.dart
DA:4,1
DA:6,0
DA:7,0
DA:12,1
DA:14,0
DA:15,0
LF:6
LH:2
end_of_record
SF:lib\presentation\bloc\pencarian_film\pencarian_film_bloc.dart
DA:13,3
DA:14,2
DA:15,2
DA:16,3
DA:18,1
DA:19,4
DA:20,3
DA:23,1
DA:28,1
DA:29,3
LF:10
LH:10
end_of_record
SF:lib\presentation\bloc\pencarian_serialtv\pencarian_serialtv_state.dart
DA:4,1
DA:6,1
DA:7,1
DA:16,1
DA:18,1
DA:19,2
DA:25,1
DA:27,1
DA:28,2
LF:9
LH:9
end_of_record
SF:lib\presentation\bloc\pencarian_serialtv\pencarian_serialtv_bloc.dart
DA:13,3
DA:14,2
DA:15,2
DA:16,3
DA:18,1
DA:19,4
DA:20,3
DA:23,1
DA:28,1
DA:29,3
LF:10
LH:10
end_of_record
SF:lib\presentation\bloc\pencarian_serialtv\pencarian_serialtv_event.dart
DA:4,1
DA:6,0
DA:7,0
DA:12,1
DA:14,0
DA:15,0
LF:6
LH:2
end_of_record
