SF:lib\data\datasources\film_local_data_source.dart
DA:15,1
DA:17,1
DA:20,2
DA:23,2
DA:27,1
DA:30,2
DA:33,2
DA:37,1
DA:39,2
DA:41,1
DA:47,1
DA:49,2
DA:50,4
LF:13
LH:13
end_of_record
SF:lib\data\models\film_table.dart
DA:11,3
DA:18,2
DA:19,1
DA:20,1
DA:21,1
DA:22,1
DA:25,2
DA:26,1
DA:27,1
DA:28,1
DA:29,1
DA:32,2
DA:33,1
DA:34,1
DA:35,1
DA:36,1
DA:39,2
DA:40,1
DA:41,1
DA:42,1
DA:43,1
DA:46,2
DA:47,10
LF:23
LH:23
end_of_record
SF:lib\domain\entities\film.dart
DA:4,6
DA:20,2
DA:41,4
DA:42,4
DA:43,4
DA:44,4
DA:45,4
DA:46,4
DA:47,4
DA:48,4
DA:49,4
DA:50,4
DA:51,4
DA:52,4
DA:53,4
DA:54,4
DA:55,4
LF:17
LH:17
end_of_record
SF:lib\domain\entities\film_genre.dart
DA:4,6
DA:12,2
DA:13,6
LF:3
LH:3
end_of_record
SF:lib\domain\entities\film_detail.dart
DA:5,6
DA:33,2
DA:34,2
DA:35,2
DA:36,2
DA:37,2
DA:38,2
DA:39,2
DA:40,2
DA:41,2
DA:42,2
DA:43,2
DA:44,2
DA:45,2
LF:14
LH:14
end_of_record
SF:lib\data\datasources\db\film_database_helper.dart
DA:8,0
DA:12,0
DA:16,0
DA:17,0
DA:23,0
DA:24,0
DA:25,0
DA:27,0
DA:31,0
DA:32,0
DA:39,0
DA:42,0
DA:43,0
DA:44,0
DA:47,0
DA:48,0
DA:49,0
DA:52,0
DA:56,0
DA:57,0
DA:58,0
DA:61,0
DA:64,0
DA:65,0
DA:71,0
DA:72,0
DA:73,0
LF:27
LH:0
end_of_record
SF:lib\data\datasources\film_remote_data_source.dart
DA:23,1
DA:25,1
DA:28,4
DA:30,2
DA:31,4
DA:33,1
DA:37,1
DA:40,4
DA:42,2
DA:43,3
DA:45,1
DA:49,1
DA:52,4
DA:54,2
DA:55,4
DA:57,1
DA:61,1
DA:64,4
DA:66,2
DA:67,4
DA:69,1
DA:73,1
DA:76,4
DA:78,2
DA:79,4
DA:81,1
DA:85,1
DA:88,4
DA:90,2
DA:91,4
DA:93,1
LF:31
LH:31
end_of_record
SF:lib\data\models\film_detail_response.dart
DA:6,3
DA:52,2
DA:53,2
DA:54,2
DA:55,2
DA:56,2
DA:57,2
DA:58,6
DA:59,2
DA:60,2
DA:61,2
DA:62,2
DA:63,2
DA:64,2
DA:65,4
DA:66,2
DA:67,2
DA:68,2
DA:69,2
DA:70,2
DA:71,2
DA:72,2
DA:73,2
DA:74,4
DA:75,2
DA:78,2
DA:79,1
DA:80,1
DA:81,1
DA:82,3
DA:83,1
DA:84,1
DA:85,1
DA:86,1
DA:87,1
DA:88,1
DA:89,1
DA:90,1
DA:91,1
DA:92,1
DA:93,1
DA:94,1
DA:95,1
DA:96,1
DA:97,1
DA:98,1
DA:99,1
DA:102,1
DA:103,1
DA:104,1
DA:105,1
DA:106,5
DA:107,1
DA:108,1
DA:109,1
DA:110,1
DA:111,1
DA:112,1
DA:113,1
DA:114,1
DA:115,1
DA:119,2
DA:121,2
DA:122,2
DA:123,2
DA:124,2
DA:125,2
DA:126,2
DA:127,2
DA:128,2
DA:129,2
DA:130,2
DA:131,2
DA:132,2
DA:133,2
DA:134,2
DA:135,2
DA:136,2
DA:137,2
DA:138,2
DA:139,2
DA:140,2
DA:141,2
DA:142,2
LF:84
LH:84
end_of_record
SF:lib\data\models\film_model.dart
DA:5,4
DA:35,4
DA:36,2
DA:37,2
DA:38,8
DA:39,2
DA:40,2
DA:41,2
DA:42,4
DA:43,2
DA:44,2
DA:45,2
DA:46,2
DA:47,4
DA:48,2
DA:51,2
DA:52,1
DA:53,1
DA:54,4
DA:55,1
DA:56,1
DA:57,1
DA:58,1
DA:59,1
DA:60,1
DA:61,1
DA:62,1
DA:63,1
DA:64,1
DA:67,2
DA:68,2
DA:69,2
DA:70,2
DA:71,2
DA:72,2
DA:73,2
DA:74,2
DA:75,2
DA:76,2
DA:77,2
DA:78,2
DA:79,2
DA:80,2
DA:81,2
DA:85,2
DA:86,2
DA:87,2
DA:88,2
DA:89,2
DA:90,2
DA:91,2
DA:92,2
DA:93,2
DA:94,2
DA:95,2
DA:96,2
DA:97,2
DA:98,2
DA:99,2
LF:59
LH:59
end_of_record
SF:lib\data\models\film_response.dart
DA:7,2
DA:9,4
DA:10,4
DA:11,6
DA:12,6
DA:15,2
DA:16,5
DA:19,1
DA:20,2
LF:9
LH:9
end_of_record
SF:lib\data\models\film_genre_model.dart
DA:5,2
DA:13,2
DA:14,1
DA:15,1
DA:18,0
DA:19,0
DA:20,0
DA:23,1
DA:24,3
DA:27,1
DA:28,3
LF:11
LH:8
end_of_record
SF:lib\data\repositories\film_repository_impl.dart
DA:15,1
DA:20,1
DA:23,2
DA:24,5
DA:25,1
DA:27,1
DA:29,0
DA:30,0
DA:32,0
DA:36,1
DA:39,2
DA:40,2
DA:41,1
DA:43,1
DA:45,0
DA:46,0
DA:48,0
DA:52,1
DA:55,2
DA:56,3
DA:57,1
DA:59,1
DA:61,1
DA:62,4
DA:64,0
DA:68,1
DA:71,2
DA:72,5
DA:73,1
DA:75,1
DA:77,0
DA:78,0
DA:80,0
DA:84,1
DA:87,2
DA:88,5
DA:89,1
DA:91,1
DA:93,0
DA:94,0
DA:96,0
DA:100,1
DA:103,2
DA:104,5
DA:105,1
DA:107,1
DA:109,0
DA:110,0
DA:112,0
DA:116,1
DA:120,3
DA:121,1
DA:122,1
DA:123,3
DA:129,1
DA:133,3
DA:134,1
DA:135,1
DA:136,3
DA:139,1
DA:141,2
DA:142,5
DA:145,1
DA:147,2
LF:64
LH:48
end_of_record
SF:lib\domain\usecases\get_film_detail.dart
DA:9,1
DA:11,1
DA:12,2
LF:3
LH:3
end_of_record
SF:lib\domain\usecases\get_film_nowplaying.dart
DA:9,1
DA:11,1
DA:12,2
LF:3
LH:3
end_of_record
SF:lib\domain\usecases\get_film_populer.dart
DA:9,1
DA:11,1
DA:12,2
LF:3
LH:3
end_of_record
SF:lib\domain\usecases\get_film_recommendations.dart
DA:9,1
DA:11,1
DA:12,2
LF:3
LH:3
end_of_record
SF:lib\domain\usecases\get_film_toprated.dart
DA:9,1
DA:11,1
DA:12,2
LF:3
LH:3
end_of_record
SF:lib\domain\usecases\get_film_watchlist.dart
DA:9,1
DA:11,1
DA:12,2
LF:3
LH:3
end_of_record
SF:lib\domain\usecases\get_film_watchlist_status.dart
DA:6,1
DA:8,1
DA:9,2
LF:3
LH:3
end_of_record
SF:lib\domain\usecases\remove_film_watchlist.dart
DA:8,1
DA:10,1
DA:11,2
LF:3
LH:3
end_of_record
SF:lib\domain\usecases\save_film_watchlist.dart
DA:9,1
DA:11,1
DA:12,2
LF:3
LH:3
end_of_record
SF:lib\presentation\bloc\film_detail\film_detail_bloc.dart
DA:12,3
DA:13,2
DA:14,1
DA:16,2
DA:17,2
DA:19,1
DA:20,1
DA:21,3
DA:23,1
DA:24,2
LF:10
LH:10
end_of_record
SF:lib\presentation\bloc\film_detail\film_detail_state.dart
DA:4,2
DA:6,1
DA:7,1
DA:17,1
DA:19,1
DA:20,2
DA:26,2
DA:28,1
DA:29,2
LF:9
LH:9
end_of_record
SF:lib\presentation\bloc\film_detail\film_detail_event.dart
DA:4,2
DA:6,0
DA:7,0
DA:13,2
DA:15,1
DA:16,2
LF:6
LH:4
end_of_record
SF:lib\presentation\bloc\film_nowplaying\film_nowplaying_state.dart
DA:4,2
DA:6,1
DA:7,1
DA:17,2
DA:19,1
DA:20,2
DA:26,1
DA:28,1
DA:29,2
LF:9
LH:9
end_of_record
SF:lib\presentation\bloc\film_nowplaying\film_nowplaying_bloc.dart
DA:12,3
DA:13,2
DA:14,2
DA:15,2
DA:17,1
DA:18,1
DA:19,3
DA:21,1
DA:22,2
LF:9
LH:9
end_of_record
SF:lib\presentation\bloc\film_nowplaying\film_nowplaying_event.dart
DA:4,1
DA:6,0
DA:7,0
LF:3
LH:1
end_of_record
SF:lib\presentation\bloc\film_populer\film_populer_bloc.dart
DA:12,3
DA:13,1
DA:14,1
DA:15,2
DA:16,2
DA:18,1
DA:19,1
DA:20,3
DA:22,1
DA:23,2
LF:10
LH:10
end_of_record
SF:lib\presentation\bloc\film_populer\film_populer_state.dart
DA:4,4
DA:6,1
DA:7,1
DA:17,3
DA:19,1
DA:20,2
DA:26,2
DA:28,1
DA:29,2
LF:9
LH:9
end_of_record
SF:lib\presentation\bloc\film_populer\film_populer_event.dart
DA:4,2
DA:6,0
DA:7,0
LF:3
LH:1
end_of_record
SF:lib\presentation\bloc\film_recommendation\film_recommendation_bloc.dart
DA:12,3
DA:13,1
DA:14,1
DA:15,1
DA:17,2
DA:18,2
DA:20,1
DA:21,1
DA:22,3
DA:24,1
DA:25,2
LF:11
LH:11
end_of_record
SF:lib\presentation\bloc\film_recommendation\film_recommendation_event.dart
DA:4,2
DA:6,0
DA:7,0
DA:13,2
DA:15,1
DA:16,2
LF:6
LH:4
end_of_record
SF:lib\presentation\bloc\film_recommendation\film_recommendation_state.dart
DA:4,3
DA:6,1
DA:7,1
DA:17,2
DA:19,1
DA:20,2
DA:26,2
DA:28,1
DA:29,2
LF:9
LH:9
end_of_record
SF:lib\presentation\bloc\film_toprated\film_toprated_event.dart
DA:4,1
DA:6,0
DA:7,0
LF:3
LH:1
end_of_record
SF:lib\presentation\bloc\film_toprated\film_toprated_bloc.dart
DA:12,3
DA:13,1
DA:14,1
DA:15,2
DA:16,2
DA:18,1
DA:19,1
DA:20,3
DA:22,1
DA:23,2
LF:10
LH:10
end_of_record
SF:lib\presentation\bloc\film_toprated\film_toprated_state.dart
DA:4,2
DA:6,1
DA:7,1
DA:17,2
DA:19,1
DA:20,2
DA:26,1
DA:28,1
DA:29,2
LF:9
LH:9
end_of_record
SF:lib\domain\usecases\get_film_toprated.dart
DA:9,0
DA:11,0
DA:12,0
LF:3
LH:0
end_of_record
SF:lib\presentation\bloc\film_watchlist\film_watchlist_state.dart
DA:4,6
DA:6,1
DA:7,1
DA:15,2
DA:17,1
DA:18,2
DA:24,1
DA:26,1
DA:27,2
DA:33,3
DA:35,0
DA:36,0
DA:42,1
DA:44,0
DA:45,0
LF:15
LH:11
end_of_record
SF:lib\presentation\bloc\film_watchlist\film_watchlist_event.dart
DA:4,2
DA:6,0
DA:7,0
DA:15,1
DA:17,1
DA:18,2
DA:24,1
DA:26,0
DA:27,0
DA:33,0
DA:35,0
DA:36,0
LF:12
LH:5
end_of_record
SF:lib\presentation\bloc\film_watchlist\film_watchlist_bloc.dart
DA:19,3
DA:21,2
DA:22,2
DA:23,2
DA:25,1
DA:26,4
DA:27,3
DA:32,1
DA:33,0
DA:34,0
DA:36,0
DA:39,1
DA:40,0
DA:41,0
DA:43,0
DA:44,0
DA:45,0
DA:47,0
DA:50,1
DA:51,0
DA:52,0
DA:54,0
DA:55,0
DA:56,0
DA:58,0
LF:25
LH:10
end_of_record
SF:lib\presentation\pages\detail_film_page.dart
DA:16,2
DA:18,1
DA:19,1
DA:23,1
DA:25,1
DA:26,2
DA:27,2
DA:28,4
DA:29,2
DA:30,4
DA:31,2
DA:32,4
DA:36,1
DA:38,1
DA:39,1
DA:40,1
DA:41,1
DA:42,0
DA:43,0
DA:45,1
DA:46,1
DA:47,1
DA:48,1
DA:52,0
DA:53,0
DA:55,0
DA:66,2
DA:68,1
DA:70,3
DA:71,1
DA:72,1
DA:73,1
DA:74,3
DA:76,2
DA:77,1
DA:79,0
DA:81,1
DA:83,1
DA:84,1
DA:85,1
DA:86,1
DA:88,2
DA:95,1
DA:96,1
DA:97,1
DA:99,1
DA:101,1
DA:103,1
DA:104,1
DA:105,2
DA:106,1
DA:108,1
DA:109,0
DA:110,0
DA:111,0
DA:112,0
DA:113,0
DA:114,0
DA:116,0
DA:117,0
DA:118,0
DA:124,1
DA:125,1
DA:126,0
DA:127,0
DA:128,0
DA:130,0
DA:131,0
DA:132,0
DA:134,0
DA:135,0
DA:139,1
DA:141,1
DA:142,1
DA:143,2
DA:144,1
DA:145,2
DA:146,1
DA:147,1
DA:153,1
DA:154,3
DA:156,1
DA:157,3
DA:159,1
DA:160,1
DA:161,1
DA:162,3
DA:164,2
DA:170,4
DA:173,1
DA:174,1
DA:176,1
DA:178,1
DA:179,2
DA:181,1
DA:182,1
DA:184,1
DA:186,1
DA:187,1
DA:188,1
DA:189,0
DA:190,0
DA:192,1
DA:193,0
DA:194,1
DA:195,1
DA:197,1
DA:199,1
DA:200,2
DA:201,1
DA:203,1
DA:204,0
DA:205,0
DA:208,0
DA:211,1
DA:212,1
DA:213,1
DA:215,1
DA:217,2
DA:218,1
DA:219,1
DA:221,1
DA:224,0
DA:225,0
DA:231,2
DA:235,0
DA:243,1
DA:245,1
DA:260,1
DA:262,1
DA:265,1
DA:266,1
DA:267,0
DA:268,0
DA:277,1
DA:279,2
DA:280,3
DA:283,1
DA:287,3
DA:290,1
DA:291,1
DA:292,1
DA:294,1
DA:295,1
DA:297,0
LF:145
LH:110
end_of_record
SF:lib\presentation\widget\film_card_list.dart
DA:10,1
DA:12,1
DA:14,1
DA:16,1
DA:17,0
DA:18,0
DA:21,0
DA:24,1
DA:26,1
DA:27,1
DA:28,1
DA:34,1
DA:36,1
DA:37,1
DA:38,2
DA:41,1
DA:43,1
DA:44,1
DA:45,2
DA:53,1
DA:58,1
DA:59,2
DA:60,1
DA:61,3
DA:63,2
DA:64,1
DA:66,0
LF:27
LH:23
end_of_record
SF:lib\presentation\pages\populer_film_page.dart
DA:10,1
DA:11,1
DA:15,1
DA:17,1
DA:18,2
DA:19,4
DA:22,1
DA:24,1
DA:25,1
DA:26,1
DA:28,1
DA:30,1
DA:31,1
DA:32,1
DA:33,1
DA:34,1
DA:36,1
DA:37,1
DA:38,1
DA:39,2
DA:40,1
DA:42,2
DA:44,1
DA:45,1
DA:46,2
DA:48,1
DA:49,1
DA:50,1
DA:51,2
LF:29
LH:29
end_of_record
