SF:lib\data\datasources\film_remote_data_source.dart
DA:23,1
DA:25,1
DA:27,4
DA:29,2
DA:30,4
DA:32,1
DA:36,1
DA:38,4
DA:40,2
DA:41,3
DA:43,1
DA:47,1
DA:49,4
DA:51,2
DA:52,4
DA:54,1
DA:58,1
DA:60,4
DA:62,2
DA:63,4
DA:65,1
DA:69,1
DA:71,4
DA:73,2
DA:74,4
DA:76,1
DA:80,1
DA:82,4
DA:84,2
DA:85,4
DA:87,1
LF:31
LH:31
end_of_record
SF:lib\data\models\film_detail_response.dart
DA:6,3
DA:52,2
DA:53,2
DA:54,2
DA:55,2
DA:56,2
DA:57,2
DA:58,6
DA:59,2
DA:60,2
DA:61,2
DA:62,2
DA:63,2
DA:64,2
DA:65,4
DA:66,2
DA:67,2
DA:68,2
DA:69,2
DA:70,2
DA:71,2
DA:72,2
DA:73,2
DA:74,4
DA:75,2
DA:78,2
DA:79,1
DA:80,1
DA:81,1
DA:82,3
DA:83,1
DA:84,1
DA:85,1
DA:86,1
DA:87,1
DA:88,1
DA:89,1
DA:90,1
DA:91,1
DA:92,1
DA:93,1
DA:94,1
DA:95,1
DA:96,1
DA:97,1
DA:98,1
DA:99,1
DA:102,1
DA:103,1
DA:104,1
DA:105,1
DA:106,5
DA:107,1
DA:108,1
DA:109,1
DA:110,1
DA:111,1
DA:112,1
DA:113,1
DA:114,1
DA:115,1
DA:119,2
DA:121,2
DA:122,2
DA:123,2
DA:124,2
DA:125,2
DA:126,2
DA:127,2
DA:128,2
DA:129,2
DA:130,2
DA:131,2
DA:132,2
DA:133,2
DA:134,2
DA:135,2
DA:136,2
DA:137,2
DA:138,2
DA:139,2
DA:140,2
DA:141,2
DA:142,2
LF:84
LH:84
end_of_record
SF:lib\data\models\film_response.dart
DA:7,2
DA:9,4
DA:10,4
DA:11,6
DA:12,6
DA:15,2
DA:16,5
DA:19,1
DA:20,2
LF:9
LH:9
end_of_record
SF:lib\data\datasources\db\film_database_helper.dart
DA:7,0
DA:11,0
DA:14,0
DA:15,0
DA:21,0
DA:22,0
DA:23,0
DA:25,0
DA:29,0
DA:30,0
DA:37,0
DA:40,0
DA:41,0
DA:42,0
DA:45,0
DA:48,0
DA:49,0
DA:55,0
DA:56,0
DA:57,0
DA:62,0
DA:63,0
DA:64,0
DA:67,0
DA:68,0
DA:69,0
DA:72,0
LF:27
LH:0
end_of_record
SF:lib\data\datasources\film_local_data_source.dart
DA:15,1
DA:17,1
DA:19,2
DA:21,1
DA:27,1
DA:29,2
DA:30,4
DA:33,1
DA:36,2
DA:39,2
DA:43,1
DA:46,2
DA:49,2
LF:13
LH:13
end_of_record
SF:lib\data\models\film_model.dart
DA:5,4
DA:35,4
DA:36,2
DA:37,2
DA:38,8
DA:39,2
DA:40,2
DA:41,2
DA:42,4
DA:43,2
DA:44,2
DA:45,2
DA:46,2
DA:47,4
DA:48,2
DA:51,2
DA:52,1
DA:53,1
DA:54,4
DA:55,1
DA:56,1
DA:57,1
DA:58,1
DA:59,1
DA:60,1
DA:61,1
DA:62,1
DA:63,1
DA:64,1
DA:67,2
DA:68,2
DA:69,2
DA:70,2
DA:71,2
DA:72,2
DA:73,2
DA:74,2
DA:75,2
DA:76,2
DA:77,2
DA:78,2
DA:79,2
DA:80,2
DA:81,2
DA:85,2
DA:86,2
DA:87,2
DA:88,2
DA:89,2
DA:90,2
DA:91,2
DA:92,2
DA:93,2
DA:94,2
DA:95,2
DA:96,2
DA:97,2
DA:98,2
DA:99,2
LF:59
LH:59
end_of_record
SF:lib\data\models\film_table.dart
DA:11,3
DA:18,2
DA:19,1
DA:20,1
DA:21,1
DA:22,1
DA:25,2
DA:26,1
DA:27,1
DA:28,1
DA:29,1
DA:32,2
DA:33,1
DA:34,1
DA:35,1
DA:36,1
DA:39,2
DA:40,1
DA:41,1
DA:42,1
DA:43,1
DA:46,2
DA:47,10
LF:23
LH:23
end_of_record
SF:lib\domain\entities\film.dart
DA:4,7
DA:20,2
DA:41,4
DA:42,4
DA:43,4
DA:44,4
DA:45,4
DA:46,4
DA:47,4
DA:48,4
DA:49,4
DA:50,4
DA:51,4
DA:52,4
DA:53,4
DA:54,4
DA:55,4
LF:17
LH:17
end_of_record
SF:lib\domain\entities\film_detail.dart
DA:5,6
DA:33,2
DA:34,2
DA:35,2
DA:36,2
DA:37,2
DA:38,2
DA:39,2
DA:40,2
DA:41,2
DA:42,2
DA:43,2
DA:44,2
DA:45,2
LF:14
LH:14
end_of_record
SF:lib\presentation\widget\film_card_list.dart
DA:10,2
DA:12,2
DA:14,2
DA:16,2
DA:17,0
DA:18,0
DA:20,0
DA:23,2
DA:25,2
DA:26,2
DA:27,2
DA:33,2
DA:35,2
DA:36,2
DA:37,4
DA:40,2
DA:43,2
DA:44,4
DA:52,2
DA:57,2
DA:58,4
DA:59,2
DA:60,6
DA:62,2
DA:65,0
LF:25
LH:21
end_of_record
SF:lib\data\models\film_genre_model.dart
DA:5,2
DA:13,2
DA:14,1
DA:15,1
DA:18,0
DA:19,0
DA:20,0
DA:23,1
DA:24,3
DA:27,1
DA:28,3
LF:11
LH:8
end_of_record
SF:lib\domain\entities\film_genre.dart
DA:4,6
DA:12,2
DA:13,6
LF:3
LH:3
end_of_record
SF:lib\domain\usecases\get_film_detail.dart
DA:9,1
DA:11,1
DA:12,2
LF:3
LH:3
end_of_record
SF:lib\domain\usecases\get_film_nowplaying.dart
DA:9,1
DA:11,1
DA:12,2
LF:3
LH:3
end_of_record
SF:lib\domain\usecases\get_film_populer.dart
DA:9,1
DA:11,1
DA:12,2
LF:3
LH:3
end_of_record
SF:lib\domain\usecases\get_film_recommendations.dart
DA:9,1
DA:11,1
DA:12,2
LF:3
LH:3
end_of_record
SF:lib\domain\usecases\get_film_toprated.dart
DA:9,0
DA:11,0
DA:12,0
LF:3
LH:0
end_of_record
SF:lib\domain\usecases\get_film_watchlist.dart
DA:9,1
DA:11,1
DA:12,2
LF:3
LH:3
end_of_record
SF:lib\domain\usecases\get_film_watchlist_status.dart
DA:6,1
DA:8,1
DA:9,2
LF:3
LH:3
end_of_record
SF:lib\domain\usecases\remove_film_watchlist.dart
DA:8,1
DA:10,1
DA:11,2
LF:3
LH:3
end_of_record
SF:lib\domain\usecases\save_film_watchlist.dart
DA:9,1
DA:11,1
DA:12,2
LF:3
LH:3
end_of_record
SF:lib\presentation\bloc\film_detail\film_detail_bloc.dart
DA:12,3
DA:13,2
DA:14,1
DA:16,2
DA:17,2
DA:19,1
DA:20,4
DA:21,3
LF:8
LH:8
end_of_record
SF:lib\presentation\bloc\film_detail\film_detail_state.dart
DA:4,2
DA:6,1
DA:7,1
DA:16,1
DA:18,1
DA:19,2
DA:24,2
DA:26,1
DA:27,2
LF:9
LH:9
end_of_record
SF:lib\presentation\bloc\film_detail\film_detail_event.dart
DA:4,2
DA:6,0
DA:7,0
DA:13,2
DA:15,1
DA:16,2
LF:6
LH:4
end_of_record
SF:lib\presentation\bloc\film_nowplaying\film_nowplaying_state.dart
DA:4,0
DA:6,0
DA:7,0
DA:16,0
DA:18,0
DA:19,0
DA:24,0
DA:26,0
DA:27,0
LF:9
LH:0
end_of_record
SF:lib\presentation\bloc\film_nowplaying\film_nowplaying_bloc.dart
DA:12,0
DA:13,0
DA:14,0
DA:15,0
DA:17,0
DA:18,0
DA:19,0
LF:7
LH:0
end_of_record
SF:lib\presentation\bloc\film_nowplaying\film_nowplaying_event.dart
DA:4,0
DA:6,0
DA:7,0
LF:3
LH:0
end_of_record
SF:lib\presentation\bloc\film_populer\film_populer_bloc.dart
DA:12,3
DA:13,2
DA:14,2
DA:15,2
DA:17,1
DA:18,4
DA:19,3
LF:7
LH:7
end_of_record
SF:lib\presentation\bloc\film_populer\film_populer_state.dart
DA:4,4
DA:6,1
DA:7,1
DA:16,3
DA:18,1
DA:19,2
DA:24,2
DA:26,1
DA:27,2
LF:9
LH:9
end_of_record
SF:lib\presentation\bloc\film_populer\film_populer_event.dart
DA:4,2
DA:6,0
DA:7,0
LF:3
LH:1
end_of_record
SF:lib\presentation\bloc\film_recommendation\film_recommendation_bloc.dart
DA:14,3
DA:15,2
DA:16,1
DA:18,2
DA:19,2
DA:21,1
DA:22,4
DA:23,3
LF:8
LH:8
end_of_record
SF:lib\presentation\bloc\film_recommendation\film_recommendation_event.dart
DA:4,2
DA:6,0
DA:7,0
DA:12,2
DA:14,1
DA:15,2
LF:6
LH:4
end_of_record
SF:lib\presentation\bloc\film_recommendation\film_recommendation_state.dart
DA:4,3
DA:6,1
DA:7,1
DA:16,2
DA:18,1
DA:19,2
DA:24,2
DA:26,1
DA:27,2
LF:9
LH:9
end_of_record
SF:lib\presentation\bloc\film_toprated\film_toprated_event.dart
DA:4,1
DA:6,0
DA:7,0
LF:3
LH:1
end_of_record
SF:lib\presentation\bloc\film_toprated\film_toprated_bloc.dart
DA:12,0
DA:13,0
DA:14,0
DA:15,0
DA:17,0
DA:18,0
DA:19,0
LF:7
LH:0
end_of_record
SF:lib\presentation\bloc\film_toprated\film_toprated_state.dart
DA:4,1
DA:6,0
DA:7,0
DA:16,1
DA:18,0
DA:19,0
DA:24,1
DA:26,0
DA:27,0
LF:9
LH:3
end_of_record
SF:lib\presentation\bloc\film_watchlist\film_watchlist_state.dart
DA:4,28
DA:6,1
DA:7,1
DA:15,2
DA:17,1
DA:18,2
DA:23,1
DA:25,1
DA:26,2
DA:31,25
DA:33,0
DA:34,0
DA:39,1
DA:41,0
DA:42,0
LF:15
LH:11
end_of_record
SF:lib\presentation\bloc\film_watchlist\film_watchlist_event.dart
DA:4,2
DA:6,0
DA:7,0
DA:14,1
DA:16,1
DA:17,2
DA:22,1
DA:24,0
DA:25,0
DA:30,0
DA:32,0
DA:33,0
LF:12
LH:5
end_of_record
SF:lib\presentation\bloc\film_watchlist\film_watchlist_bloc.dart
DA:20,3
DA:21,2
DA:22,2
DA:23,2
DA:25,1
DA:26,4
DA:27,3
DA:32,1
DA:33,0
DA:34,0
DA:36,0
DA:39,1
DA:40,0
DA:41,0
DA:43,0
DA:44,0
DA:45,0
DA:47,0
DA:50,1
DA:51,0
DA:52,0
DA:54,0
DA:55,0
DA:56,0
DA:58,0
LF:25
LH:10
end_of_record
SF:lib\presentation\pages\detail_film_page.dart
DA:16,2
DA:18,1
DA:19,1
DA:23,1
DA:25,1
DA:26,2
DA:27,2
DA:28,4
DA:29,2
DA:30,4
DA:31,2
DA:32,4
DA:36,1
DA:38,1
DA:39,2
DA:40,1
DA:41,0
DA:42,1
DA:43,1
DA:44,1
DA:45,1
DA:47,0
DA:48,0
DA:49,0
DA:50,0
DA:52,0
DA:62,2
DA:64,1
DA:66,3
DA:67,1
DA:68,1
DA:69,1
DA:70,3
DA:72,1
DA:75,0
DA:77,1
DA:79,1
DA:80,1
DA:81,1
DA:91,1
DA:92,1
DA:93,1
DA:95,1
DA:97,1
DA:98,1
DA:99,1
DA:100,2
DA:101,1
DA:103,1
DA:104,0
DA:105,0
DA:106,0
DA:107,0
DA:108,0
DA:109,0
DA:110,0
DA:116,1
DA:117,1
DA:118,0
DA:119,0
DA:120,0
DA:121,0
DA:123,0
DA:127,1
DA:129,1
DA:130,1
DA:131,2
DA:132,1
DA:133,2
DA:134,1
DA:135,1
DA:141,1
DA:142,3
DA:144,1
DA:145,3
DA:147,1
DA:148,1
DA:149,1
DA:150,3
DA:152,1
DA:158,4
DA:161,1
DA:162,1
DA:164,1
DA:166,3
DA:167,1
DA:168,1
DA:170,1
DA:172,2
DA:173,1
DA:174,0
DA:175,1
DA:176,0
DA:177,1
DA:178,0
DA:179,1
DA:180,1
DA:182,1
DA:184,1
DA:185,2
DA:186,1
DA:188,1
DA:189,0
DA:190,0
DA:192,0
DA:195,1
DA:199,1
DA:200,2
DA:201,1
DA:205,0
DA:206,0
DA:212,2
DA:216,0
DA:224,1
DA:226,1
DA:241,1
DA:243,1
DA:246,1
DA:247,1
DA:248,0
DA:249,0
DA:258,1
DA:260,2
DA:261,3
DA:264,1
DA:268,3
DA:271,1
DA:272,1
DA:273,1
DA:275,1
DA:276,1
DA:278,0
LF:132
LH:101
end_of_record
SF:lib\presentation\pages\home_film_page.dart
DA:14,0
DA:15,0
DA:19,0
DA:21,0
DA:22,0
DA:23,0
DA:24,0
DA:25,0
DA:29,0
DA:31,0
DA:32,0
DA:34,0
DA:35,0
DA:37,0
DA:38,0
DA:40,0
DA:42,0
DA:43,0
DA:45,0
DA:46,0
DA:47,0
DA:48,0
DA:49,0
DA:50,0
DA:55,0
DA:57,0
DA:59,0
DA:60,0
DA:62,0
DA:63,0
DA:64,0
DA:65,0
DA:66,0
DA:67,0
DA:72,0
DA:74,0
DA:76,0
DA:77,0
DA:79,0
DA:80,0
DA:81,0
DA:82,0
DA:83,0
DA:84,0
DA:96,0
DA:97,0
DA:99,0
DA:100,0
DA:102,0
DA:104,0
DA:106,0
DA:108,0
DA:121,0
DA:123,0
DA:125,0
DA:127,0
DA:129,0
DA:130,0
DA:131,0
DA:133,0
DA:134,0
DA:135,0
DA:137,0
DA:140,0
DA:141,0
DA:142,0
DA:143,0
DA:144,0
DA:145,0
DA:151,0
LF:70
LH:0
end_of_record
SF:lib\presentation\pages\populer_film_page.dart
DA:10,1
DA:11,1
DA:15,1
DA:17,1
DA:18,2
DA:19,4
DA:22,1
DA:24,1
DA:25,1
DA:26,1
DA:28,1
DA:30,2
DA:31,1
DA:32,2
DA:33,1
DA:34,1
DA:35,1
DA:36,2
DA:37,1
DA:39,2
DA:41,1
DA:42,3
DA:43,1
DA:44,2
DA:45,2
LF:25
LH:25
end_of_record
SF:lib\presentation\pages\toprated_film_page.dart
DA:10,1
DA:11,1
DA:15,1
DA:17,1
DA:18,2
DA:19,4
DA:22,1
DA:24,1
DA:25,1
DA:26,1
DA:28,1
DA:30,2
DA:31,1
DA:32,2
DA:33,1
DA:34,1
DA:35,1
DA:36,2
DA:37,1
DA:39,2
DA:41,1
DA:42,1
DA:43,2
DA:45,1
DA:46,1
DA:47,1
DA:48,2
LF:27
LH:27
end_of_record
SF:lib\presentation\pages\watchlist_film_page.dart
DA:10,0
DA:11,0
DA:15,0
DA:17,0
DA:18,0
DA:19,0
DA:22,0
DA:24,0
DA:25,0
DA:28,0
DA:29,0
DA:32,0
DA:34,0
DA:35,0
DA:36,0
DA:38,0
DA:40,0
DA:41,0
DA:42,0
DA:43,0
DA:44,0
DA:45,0
DA:46,0
DA:47,0
DA:49,0
DA:51,0
DA:52,0
DA:53,0
DA:54,0
DA:65,0
DA:67,0
DA:68,0
LF:32
LH:0
end_of_record
SF:lib\data\repositories\film_repository_impl.dart
DA:15,1
DA:20,1
DA:23,2
DA:24,5
DA:25,1
DA:27,1
DA:29,0
DA:30,0
DA:32,0
DA:36,1
DA:39,2
DA:40,2
DA:41,1
DA:43,1
DA:45,0
DA:46,0
DA:48,0
DA:52,1
DA:55,2
DA:56,3
DA:57,1
DA:59,1
DA:61,1
DA:62,4
DA:64,0
DA:68,1
DA:71,2
DA:72,5
DA:73,1
DA:75,1
DA:77,0
DA:78,0
DA:80,0
DA:84,1
DA:87,2
DA:88,5
DA:89,1
DA:91,1
DA:93,0
DA:94,0
DA:96,0
DA:100,1
DA:103,2
DA:104,5
DA:105,1
DA:107,1
DA:109,0
DA:110,0
DA:112,0
DA:116,1
DA:120,3
DA:121,1
DA:122,1
DA:123,3
DA:129,1
DA:133,3
DA:134,1
DA:135,1
DA:136,3
DA:139,1
DA:141,2
DA:142,5
DA:145,1
DA:147,2
LF:64
LH:48
end_of_record
SF:lib\domain\usecases\get_film_toprated.dart
DA:9,1
DA:11,1
DA:12,2
LF:3
LH:3
end_of_record
SF:lib\presentation\bloc\film_nowplaying\film_nowplaying_state.dart
DA:4,2
DA:6,1
DA:7,1
DA:16,2
DA:18,1
DA:19,2
DA:24,1
DA:26,1
DA:27,2
LF:9
LH:9
end_of_record
SF:lib\presentation\bloc\film_nowplaying\film_nowplaying_bloc.dart
DA:12,3
DA:13,2
DA:14,2
DA:15,2
DA:17,1
DA:18,4
DA:19,3
LF:7
LH:7
end_of_record
SF:lib\presentation\bloc\film_nowplaying\film_nowplaying_event.dart
DA:4,1
DA:6,0
DA:7,0
LF:3
LH:1
end_of_record
SF:lib\presentation\bloc\film_toprated\film_toprated_event.dart
DA:4,1
DA:6,0
DA:7,0
LF:3
LH:1
end_of_record
SF:lib\presentation\bloc\film_toprated\film_toprated_bloc.dart
DA:12,3
DA:13,2
DA:14,2
DA:15,2
DA:17,1
DA:18,4
DA:19,3
LF:7
LH:7
end_of_record
SF:lib\presentation\bloc\film_toprated\film_toprated_state.dart
DA:4,2
DA:6,1
DA:7,1
DA:16,2
DA:18,1
DA:19,2
DA:24,1
DA:26,1
DA:27,2
LF:9
LH:9
end_of_record
