SF:lib\data\datasources\serialtv_local_data_source.dart
DA:15,1
DA:17,1
DA:19,2
DA:21,1
DA:27,1
DA:29,2
DA:30,4
DA:33,1
DA:36,2
DA:39,2
DA:43,1
DA:46,2
DA:49,2
LF:13
LH:13
end_of_record
SF:lib\domain\entities\serialtv_genre.dart
DA:4,6
DA:12,2
DA:13,6
LF:3
LH:3
end_of_record
SF:lib\data\models\serialtv_table.dart
DA:11,3
DA:18,2
DA:19,1
DA:20,1
DA:21,1
DA:22,1
DA:25,2
DA:26,1
DA:27,1
DA:28,1
DA:29,1
DA:32,2
DA:33,1
DA:34,1
DA:35,1
DA:36,1
DA:39,2
DA:40,1
DA:41,1
DA:42,1
DA:43,1
DA:46,2
DA:47,10
LF:23
LH:23
end_of_record
SF:lib\domain\entities\serialtv.dart
DA:4,8
DA:18,2
DA:38,4
DA:39,4
DA:40,4
DA:41,4
DA:42,4
DA:43,4
DA:44,4
DA:45,4
DA:46,4
DA:47,4
DA:48,4
DA:49,4
DA:50,4
LF:15
LH:15
end_of_record
SF:lib\domain\entities\serialtv_detail.dart
DA:6,6
DA:32,2
DA:33,2
DA:34,2
DA:35,2
DA:36,2
DA:37,2
DA:38,2
DA:39,2
DA:40,2
DA:41,2
DA:42,2
DA:43,2
DA:44,2
LF:14
LH:14
end_of_record
SF:lib\data\datasources\db\serialtv_database_helper.dart
DA:7,0
DA:11,0
DA:14,0
DA:15,0
DA:21,0
DA:22,0
DA:23,0
DA:25,0
DA:29,0
DA:30,0
DA:37,0
DA:40,0
DA:41,0
DA:42,0
DA:45,0
DA:46,0
DA:47,0
DA:50,0
DA:54,0
DA:55,0
DA:56,0
DA:59,0
DA:62,0
DA:63,0
DA:69,0
DA:70,0
DA:71,0
LF:27
LH:0
end_of_record
SF:lib\data\datasources\serialtv_remote_data_source.dart
DA:23,1
DA:25,1
DA:27,1
DA:28,3
DA:29,2
DA:30,3
DA:32,1
DA:36,1
DA:38,1
DA:39,3
DA:40,2
DA:41,4
DA:43,1
DA:47,1
DA:49,1
DA:50,3
DA:51,2
DA:52,4
DA:54,1
DA:58,1
DA:60,1
DA:61,3
DA:62,2
DA:63,4
DA:65,1
DA:69,1
DA:71,1
DA:72,3
DA:73,2
DA:74,4
DA:76,1
DA:80,1
DA:82,1
DA:83,3
DA:84,2
DA:85,4
DA:87,1
LF:37
LH:37
end_of_record
SF:lib\data\models\serialtv_detail_response.dart
DA:6,3
DA:42,2
DA:43,2
DA:44,2
DA:45,2
DA:46,2
DA:47,2
DA:48,2
DA:49,8
DA:50,2
DA:51,2
DA:52,2
DA:53,2
DA:54,4
DA:55,2
DA:56,2
DA:57,2
DA:58,4
DA:59,2
DA:62,2
DA:63,1
DA:64,1
DA:65,1
DA:66,1
DA:67,1
DA:68,3
DA:69,1
DA:70,1
DA:71,1
DA:72,1
DA:73,1
DA:74,1
DA:75,1
DA:76,1
DA:77,1
DA:78,1
DA:81,1
DA:82,1
DA:83,1
DA:84,1
DA:85,5
DA:86,1
DA:87,1
DA:88,1
DA:89,1
DA:90,1
DA:91,1
DA:92,1
DA:93,1
DA:97,2
DA:98,2
DA:99,2
DA:100,2
DA:101,2
DA:102,2
DA:103,2
DA:104,2
DA:105,2
DA:106,2
DA:107,2
DA:108,2
DA:109,2
DA:110,2
DA:111,2
DA:112,2
DA:113,2
DA:114,2
LF:67
LH:67
end_of_record
SF:lib\data\models\serialtv_model.dart
DA:6,4
DA:32,4
DA:33,2
DA:34,2
DA:35,2
DA:36,2
DA:37,8
DA:38,4
DA:39,2
DA:40,2
DA:41,2
DA:42,4
DA:43,2
DA:46,2
DA:47,1
DA:48,4
DA:49,1
DA:50,1
DA:51,1
DA:52,1
DA:53,1
DA:54,1
DA:55,1
DA:56,1
DA:57,1
DA:60,2
DA:61,2
DA:62,2
DA:63,2
DA:64,2
DA:65,2
DA:66,2
DA:67,2
DA:68,2
DA:69,2
DA:70,2
DA:71,2
DA:72,2
DA:76,2
DA:77,2
DA:78,2
DA:79,2
DA:80,2
DA:81,2
DA:82,2
DA:83,2
DA:84,2
DA:85,2
DA:86,2
DA:87,2
DA:88,2
LF:51
LH:51
end_of_record
SF:lib\data\models\serialtv_response.dart
DA:7,2
DA:9,4
DA:10,4
DA:11,6
DA:12,6
DA:15,2
DA:16,5
DA:19,1
DA:20,2
LF:9
LH:9
end_of_record
SF:lib\data\models\serialtv_genre_model.dart
DA:5,2
DA:13,2
DA:14,1
DA:15,1
DA:18,0
DA:19,0
DA:20,0
DA:23,1
DA:24,3
DA:27,1
DA:28,3
LF:11
LH:8
end_of_record
SF:lib\domain\usecases\get_serialtv_detail.dart
DA:9,1
DA:11,1
DA:12,2
LF:3
LH:3
end_of_record
SF:lib\domain\usecases\get_serialtv_now_playing.dart
DA:9,1
DA:11,1
DA:12,2
LF:3
LH:3
end_of_record
SF:lib\domain\usecases\get_serialtv_populer.dart
DA:9,1
DA:11,1
DA:12,2
LF:3
LH:3
end_of_record
SF:lib\domain\usecases\get_serialtv_recommendations.dart
DA:9,1
DA:11,1
DA:12,2
LF:3
LH:3
end_of_record
SF:lib\domain\usecases\get_serialtv_toprated.dart
DA:8,0
DA:10,0
DA:11,0
LF:3
LH:0
end_of_record
SF:lib\domain\usecases\get_serialtv_watchlist.dart
DA:9,1
DA:11,1
DA:12,2
LF:3
LH:3
end_of_record
SF:lib\domain\usecases\get_serialtv_watchlist_status.dart
DA:6,1
DA:8,1
DA:9,2
LF:3
LH:3
end_of_record
SF:lib\domain\usecases\remove_serialtv_watchlist.dart
DA:9,1
DA:11,1
DA:12,2
LF:3
LH:3
end_of_record
SF:lib\domain\usecases\save_serialtv_watchlist.dart
DA:9,1
DA:11,1
DA:12,2
LF:3
LH:3
end_of_record
SF:lib\presentation\bloc\serialtv_detail\serialtv_detail_event.dart
DA:4,2
DA:6,0
DA:7,0
DA:12,2
DA:14,1
DA:15,2
LF:6
LH:4
end_of_record
SF:lib\presentation\bloc\serialtv_detail\serialtv_detail_state.dart
DA:4,3
DA:6,1
DA:7,1
DA:16,2
DA:18,1
DA:19,2
DA:25,2
DA:27,1
DA:28,2
LF:9
LH:9
end_of_record
SF:lib\presentation\bloc\serialtv_detail\serialtv_detail_bloc.dart
DA:12,3
DA:13,2
DA:14,1
DA:16,2
DA:17,2
DA:19,1
DA:20,4
DA:21,3
LF:8
LH:8
end_of_record
SF:lib\presentation\bloc\serialtv_nowplaying\serialtv_nowplaying_event.dart
DA:4,1
DA:6,0
DA:7,0
LF:3
LH:1
end_of_record
SF:lib\presentation\bloc\serialtv_nowplaying\serialtv_nowplaying_state.dart
DA:4,2
DA:6,0
DA:7,0
DA:17,1
DA:19,0
DA:20,0
DA:26,1
DA:28,0
DA:29,0
LF:9
LH:3
end_of_record
SF:lib\presentation\bloc\serialtv_nowplaying\serialtv_nowplaying_bloc.dart
DA:12,0
DA:13,0
DA:14,0
DA:15,0
DA:17,0
DA:18,0
DA:19,0
LF:7
LH:0
end_of_record
SF:lib\presentation\bloc\serialtv_populer\serialtv_populer_state.dart
DA:4,4
DA:6,1
DA:7,1
DA:16,3
DA:18,1
DA:19,2
DA:24,2
DA:26,1
DA:27,2
LF:9
LH:9
end_of_record
SF:lib\presentation\bloc\serialtv_populer\serialtv_populer_bloc.dart
DA:12,3
DA:13,2
DA:14,2
DA:15,2
DA:17,1
DA:18,4
DA:19,3
LF:7
LH:7
end_of_record
SF:lib\presentation\bloc\serialtv_populer\serialtv_populer_event.dart
DA:4,2
DA:6,0
DA:7,0
LF:3
LH:1
end_of_record
SF:lib\presentation\bloc\serialtv_recommendation\serialtv_recommendation_state.dart
DA:4,3
DA:6,1
DA:7,1
DA:16,2
DA:18,1
DA:19,2
DA:24,2
DA:26,1
DA:27,2
LF:9
LH:9
end_of_record
SF:lib\presentation\bloc\serialtv_recommendation\serialtv_recommendation_bloc.dart
DA:12,3
DA:13,2
DA:14,2
DA:15,3
DA:17,1
DA:18,4
DA:19,3
LF:7
LH:7
end_of_record
SF:lib\presentation\bloc\serialtv_recommendation\serialtv_recommendation_event.dart
DA:4,3
DA:6,0
DA:7,0
DA:12,3
DA:14,1
DA:15,2
LF:6
LH:4
end_of_record
SF:lib\presentation\bloc\serialtv_toprated\serialtv_toprated_state.dart
DA:4,1
DA:6,0
DA:7,0
DA:17,1
DA:19,0
DA:20,0
DA:26,1
DA:28,0
DA:29,0
LF:9
LH:3
end_of_record
SF:lib\presentation\bloc\serialtv_toprated\serialtv_toprated_event.dart
DA:4,1
DA:6,0
DA:7,0
LF:3
LH:1
end_of_record
SF:lib\presentation\bloc\serialtv_toprated\serialtv_toprated_bloc.dart
DA:12,0
DA:13,0
DA:14,0
DA:15,0
DA:17,0
DA:18,0
DA:19,0
LF:7
LH:0
end_of_record
SF:lib\presentation\bloc\serialtv_watchlist\serialtv_watchlist_state.dart
DA:4,3
DA:6,1
DA:7,1
DA:17,2
DA:19,1
DA:20,2
DA:26,1
DA:28,1
DA:29,2
DA:35,0
DA:37,0
DA:38,0
DA:44,0
DA:46,0
DA:47,0
DA:53,1
DA:55,0
DA:56,0
LF:18
LH:10
end_of_record
SF:lib\presentation\bloc\serialtv_watchlist\serialtv_watchlist_event.dart
DA:4,2
DA:6,0
DA:7,0
DA:14,1
DA:16,1
DA:17,2
DA:23,0
DA:25,0
DA:26,0
DA:31,0
DA:33,0
DA:34,0
LF:12
LH:4
end_of_record
SF:lib\presentation\bloc\serialtv_watchlist\serialtv_watchlist_bloc.dart
DA:19,3
DA:20,2
DA:21,2
DA:22,2
DA:24,1
DA:25,4
DA:26,3
DA:31,1
DA:32,0
DA:34,0
DA:37,1
DA:38,0
DA:40,0
DA:41,0
DA:42,0
DA:45,0
DA:48,1
DA:49,0
DA:51,0
DA:52,0
DA:53,0
DA:56,0
LF:22
LH:10
end_of_record
SF:lib\presentation\pages\detail_serialtv_page.dart
DA:16,1
DA:18,1
DA:19,1
DA:23,1
DA:25,1
DA:26,2
DA:27,6
DA:28,6
DA:29,6
DA:33,1
DA:35,1
DA:36,2
DA:37,1
DA:39,1
DA:40,1
DA:41,1
DA:42,1
DA:44,0
DA:45,0
DA:46,0
DA:47,0
DA:49,0
DA:60,2
DA:62,1
DA:64,3
DA:65,1
DA:66,1
DA:67,1
DA:68,3
DA:70,1
DA:72,0
DA:74,1
DA:76,1
DA:77,1
DA:78,1
DA:88,1
DA:89,1
DA:90,1
DA:92,1
DA:94,1
DA:96,1
DA:97,1
DA:98,2
DA:99,1
DA:101,1
DA:102,0
DA:103,0
DA:104,0
DA:105,0
DA:106,0
DA:107,0
DA:108,0
DA:114,1
DA:115,1
DA:116,0
DA:117,0
DA:118,0
DA:119,0
DA:121,0
DA:125,1
DA:127,1
DA:128,1
DA:129,1
DA:130,1
DA:132,1
DA:133,1
DA:139,1
DA:140,3
DA:142,1
DA:143,1
DA:144,1
DA:145,3
DA:147,1
DA:153,4
DA:156,1
DA:157,1
DA:159,1
DA:161,1
DA:162,2
DA:164,1
DA:165,1
DA:167,1
DA:169,1
DA:170,1
DA:171,1
DA:172,0
DA:173,1
DA:174,0
DA:175,1
DA:176,0
DA:178,1
DA:179,1
DA:181,1
DA:183,1
DA:184,2
DA:185,1
DA:187,1
DA:188,0
DA:189,0
DA:191,0
DA:194,1
DA:198,1
DA:200,2
DA:201,1
DA:207,0
DA:208,0
DA:214,2
DA:218,0
DA:226,1
DA:228,1
DA:243,1
DA:245,1
DA:248,1
DA:249,1
DA:250,0
DA:251,0
DA:260,1
DA:262,2
DA:263,3
DA:266,1
DA:270,3
LF:121
LH:92
end_of_record
SF:lib\presentation\pages\home_serialtv_page.dart
DA:15,0
DA:16,0
DA:20,0
DA:22,0
DA:23,0
DA:24,0
DA:25,0
DA:26,0
DA:30,0
DA:32,0
DA:33,0
DA:35,0
DA:36,0
DA:38,0
DA:39,0
DA:41,0
DA:42,0
DA:44,0
DA:45,0
DA:47,0
DA:48,0
DA:49,0
DA:50,0
DA:51,0
DA:52,0
DA:57,0
DA:59,0
DA:60,0
DA:62,0
DA:63,0
DA:65,0
DA:66,0
DA:67,0
DA:68,0
DA:69,0
DA:70,0
DA:75,0
DA:77,0
DA:78,0
DA:80,0
DA:81,0
DA:83,0
DA:84,0
DA:85,0
DA:86,0
DA:87,0
DA:88,0
DA:100,0
DA:101,0
DA:103,0
DA:104,0
DA:106,0
DA:108,0
DA:110,0
DA:112,0
DA:125,0
DA:127,0
DA:129,0
DA:131,0
DA:133,0
DA:134,0
DA:135,0
DA:137,0
DA:138,0
DA:139,0
DA:141,0
DA:144,0
DA:145,0
DA:146,0
DA:147,0
DA:148,0
DA:151,0
DA:157,0
LF:73
LH:0
end_of_record
SF:lib\presentation\pages\nowplaying_serialtv_page.dart
DA:10,1
DA:11,1
DA:15,1
DA:17,1
DA:18,2
DA:19,4
DA:22,1
DA:24,1
DA:25,1
DA:26,1
DA:28,1
DA:30,2
DA:31,1
DA:32,2
DA:33,1
DA:34,2
DA:35,2
DA:36,1
DA:38,2
DA:40,1
DA:41,3
DA:43,1
DA:44,1
DA:45,1
DA:46,2
LF:25
LH:25
end_of_record
SF:lib\presentation\pages\populer_serialtv_page.dart
DA:10,1
DA:11,1
DA:15,1
DA:17,1
DA:18,2
DA:19,4
DA:22,1
DA:24,1
DA:25,1
DA:26,1
DA:28,1
DA:30,2
DA:31,1
DA:32,2
DA:33,1
DA:34,2
DA:35,2
DA:36,1
DA:38,2
DA:40,1
DA:41,3
DA:43,1
DA:44,1
DA:45,1
DA:46,2
LF:25
LH:25
end_of_record
SF:lib\presentation\pages\toprated_serialtv_page.dart
DA:10,1
DA:11,1
DA:15,1
DA:17,1
DA:18,2
DA:19,4
DA:22,1
DA:24,1
DA:25,1
DA:26,1
DA:28,1
DA:30,1
DA:31,1
DA:32,1
DA:33,2
DA:34,1
DA:35,1
DA:36,1
DA:37,2
DA:38,1
DA:40,2
DA:42,1
DA:43,3
DA:44,1
DA:45,1
DA:46,1
DA:47,2
LF:27
LH:27
end_of_record
SF:lib\presentation\widget\serialtv_card_list.dart
DA:10,3
DA:12,3
DA:14,3
DA:16,3
DA:17,0
DA:18,0
DA:20,0
DA:23,3
DA:25,3
DA:26,3
DA:27,3
DA:33,3
DA:35,3
DA:36,3
DA:37,6
DA:40,3
DA:42,3
DA:43,3
DA:44,6
DA:52,3
DA:57,3
DA:58,6
DA:59,3
DA:60,9
DA:62,3
DA:65,0
LF:26
LH:22
end_of_record
SF:lib\presentation\pages\watchlist_serialtv_page.dart
DA:10,0
DA:11,0
DA:15,0
DA:17,0
DA:18,0
DA:19,0
DA:22,0
DA:24,0
DA:25,0
DA:28,0
DA:29,0
DA:32,0
DA:34,0
DA:35,0
DA:36,0
DA:38,0
DA:40,0
DA:41,0
DA:42,0
DA:43,0
DA:44,0
DA:45,0
DA:46,0
DA:47,0
DA:49,0
DA:51,0
DA:52,0
DA:53,0
DA:54,0
DA:55,0
DA:56,0
DA:67,0
DA:69,0
DA:70,0
LF:34
LH:0
end_of_record
SF:lib\data\repositories\serialtv_repository_impl.dart
DA:15,1
DA:20,1
DA:23,1
DA:24,1
DA:25,5
DA:26,1
DA:28,1
DA:29,2
DA:30,0
DA:31,0
DA:33,0
DA:37,1
DA:40,1
DA:41,1
DA:42,2
DA:43,1
DA:45,1
DA:46,2
DA:47,0
DA:48,0
DA:50,0
DA:54,1
DA:57,1
DA:58,1
DA:59,3
DA:60,1
DA:62,1
DA:63,2
DA:64,0
DA:65,0
DA:67,0
DA:71,1
DA:74,1
DA:75,1
DA:76,5
DA:77,1
DA:79,1
DA:80,2
DA:81,0
DA:82,0
DA:84,0
DA:88,1
DA:91,1
DA:92,1
DA:93,5
DA:94,1
DA:96,1
DA:97,2
DA:98,0
DA:99,0
DA:101,0
DA:105,1
DA:108,1
DA:109,1
DA:110,5
DA:111,1
DA:113,1
DA:114,2
DA:115,0
DA:116,0
DA:118,0
DA:122,1
DA:125,1
DA:126,2
DA:127,1
DA:128,1
DA:129,3
DA:135,1
DA:138,1
DA:139,2
DA:140,1
DA:141,1
DA:142,3
DA:146,1
DA:148,1
DA:149,1
DA:153,1
DA:155,1
DA:156,1
DA:157,5
LF:80
LH:62
end_of_record
SF:lib\domain\usecases\get_serialtv_toprated.dart
DA:8,1
DA:10,1
DA:11,2
LF:3
LH:3
end_of_record
SF:lib\presentation\bloc\serialtv_nowplaying\serialtv_nowplaying_event.dart
DA:4,1
DA:6,0
DA:7,0
LF:3
LH:1
end_of_record
SF:lib\presentation\bloc\serialtv_nowplaying\serialtv_nowplaying_state.dart
DA:4,2
DA:6,1
DA:7,1
DA:17,2
DA:19,1
DA:20,2
DA:26,1
DA:28,1
DA:29,2
LF:9
LH:9
end_of_record
SF:lib\presentation\bloc\serialtv_nowplaying\serialtv_nowplaying_bloc.dart
DA:12,3
DA:13,2
DA:14,2
DA:15,2
DA:17,1
DA:18,4
DA:19,3
LF:7
LH:7
end_of_record
